..... Main
..... receive target {8101, False, "This is the beginning of a long friendship"}
..... receive try {8101, False, 2000, 42, 80, 2, 0}
..... GeneticAlgorithm {8101, False, 2000, 42, 80, 2, 0}
===== 0 38
~hB04nW9u<<dleRZz/$BY!;:qPQlm\6TT(Z,n{.FV!
===== 2 37
h7i.F$KYI:7#3e%"H!p"9pTP,NrR?t) l5Ue!SohGB
===== 5 35
A6l;QR}-;$et#6gh2N*Jgzkjao3GTTg 34P<6-shh+
===== 7 33
Wm@^biy x4UZ@6gh2N*Jgzb{=%r?onp _9DXsyURip
===== 9 32
TTil fNJFW`mboa9n4, L 3oRi_qTTgFhrZ,nKGhPi
===== 11 31
TTil fNJFWqf\6g)MHi:< b{ %r?onp _9ik(`&xt(
===== 14 30
mhiB}wz |s-mbo j}niBgzk2`q #dRg 34P<6-shh+
===== 16 29
%Til fN tev:! ;9n4,I! b{ %r?onp _r^HnKGhPi
===== 17 28
Vh#n|iUaqh2+l6g7ZMi[z ou=aE?onp wmie!SohG*
===== 18 27
mhiBg3svqh2+l6g7ZMi[z ou=aE?onp wmie!SohG*
===== 21 25
!hil Es5=5! bXgh2Ni[z ouoa$Dong 3;^J"FshGB
===== 25 24
!hil Ex ,PAmbenSzViV: oo aQ?ong 39.<.dX0ip
===== 26 23
TTil fNT5hF Fh)unniJr Qf ++&onp f887.Fship
===== 27 22
=hiB|iUaq5!b.8U`Ini[g of~a$5ong _rUe!nship
===== 29 20
mhil fN thhVbZRzlni[g o{  /?ong _r^LnG\hip
===== 33 19
mhiB gsn9EV I}Rzlni[g o3 | lon6 _rieneshiB
===== 36 18
Thil fN thhVbZRzlni[g o{ ad?onp _rUen-shGp
===== 38 17
Thi= iU ~he`bJgunniJgzoy aQ?onp hr^HndX)ip
===== 39 15
Thi= iU ~he`bJgunni[g o3 Pr?onp _9`endship
===== 41 14
Thi= iU ~he`bJgunniJgzoy aQ?onp hr^endship
===== 45 13
Thil lA UqeXbogAnniJg of P lonp Xrien-ship
===== 47 12
JhisfiN thh bPg7nniJg Qf a long _rie.dX0ip
===== 49 11
ThiB i! the`bJgunni[g o3 2Qlong wr^endship
===== 51 9
ThiB is ~h2 begunniJg of P long _rUenFship
===== 54 8
ThiB is ~h2 begunniJg ofaP long f9iendship
===== 55 7
ThiB is thembegiMniJg Qf a long _r^endship
===== 58 6
ThiB is ~h2 begunniJg of a long f8iendship
===== 62 4
Thil ls thh beghnning of a long friendship
===== 66 3
ThiB is ~h2 beginning of a long friendship
===== 69 2
This is the begUnni[g of a long friendship
===== 74 1
This is the beg~nning of a long friendship
===== 76 0
This is the beginning of a long friendship
